<?xml version="1.0" encoding="UTF-8" standalone="no"?><testsuite errors="1" failures="0" name="add the product to the shopping cart" skipped="0" tests="1" time="119.01" timestamp="2023-10-19 09:59:08"><testcase name="the user buys a product that is displayed"><error message="{&quot;value&quot;:{&quot;error&quot;:&quot;unknown method&quot;,&quot;message&quot;:&quot;Method is not implemented&quot;,&quot;stacktrace&quot;:&quot;NotImplementedError: Method is not implemented\n    at AndroidUiautomator2Driver.execute (C:\\Users\\ferch\\AppData\\Local\\Programs\\Appium Server GUI\\resources\\app\\node_modules\\appium\\node_modules\\appium-android-driver\\lib\\commands\\execute.js:14:11)\n    at commandExecutor (C:\\Users\\ferch\\AppData\\Local\\Programs\\Appium Server GUI\\resources\\app\\node_modules\\appium\\node_modules\\appium-base-driver\\lib\\basedriver\\driver.js:335:9)\n    at C:\\Users\\ferch\\AppData\\Local\\Programs\\Appium Server GUI\\resources\\app\\node_modules\\appium\\node_modules\\async-lock\\lib\\index.js:146:12\n    at AsyncLock._promiseTry (C:\\Users\\ferch\\AppData\\Local\\Programs\\Appium Server GUI\\resources\\app\\node_modules\\appium\\node_modules\\async-lock\\lib\\index.js:280:31)\n    at exec (C:\\Users\\ferch\\AppData\\Local\\Programs\\Appium Server GUI\\resources\\app\\node_modules\\appium\\node_modules\\async-lock\\lib\\index.js:145:9)\n    at AsyncLock.acquire (C:\\Users\\ferch\\AppData\\Local\\Programs\\Appium Server GUI\\resources\\app\\node_modules\\appium\\node_modules\\async-lock\\lib\\index.js:162:3)\n    at AndroidUiautomator2Driver.executeCommand (C:\\Users\\ferch\\AppData\\Local\\Programs\\Appium Server GUI\\resources\\app\\node_modules\\appium\\node_modules\\appium-base-driver\\lib\\basedriver\\driver.js:348:39)\n    at AppiumDriver.executeCommand (C:\\Users\\ferch\\AppData\\Local\\Programs\\Appium Server GUI\\resources\\app\\node_modules\\appium\\lib\\appium.js:563:36)\n    at runMicrotasks (&lt;anonymous&gt;)\n    at processTicksAndRejections (internal/process/task_queues.js:97:5)\n    at asyncHandler (C:\\Users\\ferch\\AppData\\Local\\Programs\\Appium Server GUI\\resources\\app\\node_modules\\appium\\node_modules\\appium-base-driver\\lib\\protocol\\protocol.js:297:21)&quot;}}&#10;Command duration or timeout: 20 milliseconds&#10;Build info: version: '4.5.3', revision: '4b786a1e430'&#10;System info: os.name: 'Windows 10', os.arch: 'amd64', os.version: '10.0', java.version: '11'&#10;Driver info: io.appium.java_client.android.AndroidDriver&#10;Command: [7d00bc16-6f87-468a-8c95-64427dac791e, executeScript {script=arguments[0].scrollIntoView(arguments[1]);, args=[{ELEMENT=00000000-0000-00c5-ffff-ffff00000103, element-6066-11e4-a52e-4f735466cecf=00000000-0000-00c5-ffff-ffff00000103}, null]}]&#10;Capabilities {appium:app: C:\Users\ferch\OneDrive\Doc..., appium:appPackage: com.saucelabs.mydemoapp.rn, appium:automationName: uiautomator2, appium:databaseEnabled: false, appium:desired: {app: C:\Users\ferch\OneDrive\Doc..., automationName: uiautomator2, deviceName: AutomationTesting, hub: http://localhost:4723/wd/hub, newCommandTimeout: 1000, platformName: android, platformVersion: 11.0}, appium:deviceApiLevel: 30, appium:deviceManufacturer: Google, appium:deviceModel: sdk_gphone_x86, appium:deviceName: emulator-5554, appium:deviceScreenDensity: 420, appium:deviceScreenSize: 1080x1920, appium:deviceUDID: emulator-5554, appium:hub: http://localhost:4723/wd/hub, appium:javascriptEnabled: true, appium:locationContextEnabled: false, appium:networkConnectionEnabled: true, appium:newCommandTimeout: 1000, appium:pixelRatio: 2.625, appium:platformVersion: 11, appium:statBarHeight: 63, appium:takesScreenshot: true, appium:viewportRect: {height: 1731, left: 0, top: 63, width: 1080}, appium:warnings: {}, appium:webStorageEnabled: false, platformName: ANDROID}&#10;Session ID: 7d00bc16-6f87-468a-8c95-64427dac791e" type="org.openqa.selenium.UnsupportedCommandException">{"value":{"error":"unknown method","message":"Method is not implemented","stacktrace":"NotImplementedError: Method is not implemented\n    at AndroidUiautomator2Driver.execute (C:\\Users\\ferch\\AppData\\Local\\Programs\\Appium Server GUI\\resources\\app\\node_modules\\appium\\node_modules\\appium-android-driver\\lib\\commands\\execute.js:14:11)\n    at commandExecutor (C:\\Users\\ferch\\AppData\\Local\\Programs\\Appium Server GUI\\resources\\app\\node_modules\\appium\\node_modules\\appium-base-driver\\lib\\basedriver\\driver.js:335:9)\n    at C:\\Users\\ferch\\AppData\\Local\\Programs\\Appium Server GUI\\resources\\app\\node_modules\\appium\\node_modules\\async-lock\\lib\\index.js:146:12\n    at AsyncLock._promiseTry (C:\\Users\\ferch\\AppData\\Local\\Programs\\Appium Server GUI\\resources\\app\\node_modules\\appium\\node_modules\\async-lock\\lib\\index.js:280:31)\n    at exec (C:\\Users\\ferch\\AppData\\Local\\Programs\\Appium Server GUI\\resources\\app\\node_modules\\appium\\node_modules\\async-lock\\lib\\index.js:145:9)\n    at AsyncLock.acquire (C:\\Users\\ferch\\AppData\\Local\\Programs\\Appium Server GUI\\resources\\app\\node_modules\\appium\\node_modules\\async-lock\\lib\\index.js:162:3)\n    at AndroidUiautomator2Driver.executeCommand (C:\\Users\\ferch\\AppData\\Local\\Programs\\Appium Server GUI\\resources\\app\\node_modules\\appium\\node_modules\\appium-base-driver\\lib\\basedriver\\driver.js:348:39)\n    at AppiumDriver.executeCommand (C:\\Users\\ferch\\AppData\\Local\\Programs\\Appium Server GUI\\resources\\app\\node_modules\\appium\\lib\\appium.js:563:36)\n    at runMicrotasks (&lt;anonymous&gt;)\n    at processTicksAndRejections (internal/process/task_queues.js:97:5)\n    at asyncHandler (C:\\Users\\ferch\\AppData\\Local\\Programs\\Appium Server GUI\\resources\\app\\node_modules\\appium\\node_modules\\appium-base-driver\\lib\\protocol\\protocol.js:297:21)"}}
Command duration or timeout: 20 milliseconds
Build info: version: '4.5.3', revision: '4b786a1e430'
System info: os.name: 'Windows 10', os.arch: 'amd64', os.version: '10.0', java.version: '11'
Driver info: io.appium.java_client.android.AndroidDriver
Command: [7d00bc16-6f87-468a-8c95-64427dac791e, executeScript {script=arguments[0].scrollIntoView(arguments[1]);, args=[{ELEMENT=00000000-0000-00c5-ffff-ffff00000103, element-6066-11e4-a52e-4f735466cecf=00000000-0000-00c5-ffff-ffff00000103}, null]}]
Capabilities {appium:app: C:\Users\ferch\OneDrive\Doc..., appium:appPackage: com.saucelabs.mydemoapp.rn, appium:automationName: uiautomator2, appium:databaseEnabled: false, appium:desired: {app: C:\Users\ferch\OneDrive\Doc..., automationName: uiautomator2, deviceName: AutomationTesting, hub: http://localhost:4723/wd/hub, newCommandTimeout: 1000, platformName: android, platformVersion: 11.0}, appium:deviceApiLevel: 30, appium:deviceManufacturer: Google, appium:deviceModel: sdk_gphone_x86, appium:deviceName: emulator-5554, appium:deviceScreenDensity: 420, appium:deviceScreenSize: 1080x1920, appium:deviceUDID: emulator-5554, appium:hub: http://localhost:4723/wd/hub, appium:javascriptEnabled: true, appium:locationContextEnabled: false, appium:networkConnectionEnabled: true, appium:newCommandTimeout: 1000, appium:pixelRatio: 2.625, appium:platformVersion: 11, appium:statBarHeight: 63, appium:takesScreenshot: true, appium:viewportRect: {height: 1731, left: 0, top: 63, width: 1080}, appium:warnings: {}, appium:webStorageEnabled: false, platformName: ANDROID}
Session ID: 7d00bc16-6f87-468a-8c95-64427dac791e</error><system-err>{"value":{"error":"unknown method","message":"Method is not implemented","stacktrace":"NotImplementedError: Method is not implemented\n    at AndroidUiautomator2Driver.execute (C:\\Users\\ferch\\AppData\\Local\\Programs\\Appium Server GUI\\resources\\app\\node_modules\\appium\\node_modules\\appium-android-driver\\lib\\commands\\execute.js:14:11)\n    at commandExecutor (C:\\Users\\ferch\\AppData\\Local\\Programs\\Appium Server GUI\\resources\\app\\node_modules\\appium\\node_modules\\appium-base-driver\\lib\\basedriver\\driver.js:335:9)\n    at C:\\Users\\ferch\\AppData\\Local\\Programs\\Appium Server GUI\\resources\\app\\node_modules\\appium\\node_modules\\async-lock\\lib\\index.js:146:12\n    at AsyncLock._promiseTry (C:\\Users\\ferch\\AppData\\Local\\Programs\\Appium Server GUI\\resources\\app\\node_modules\\appium\\node_modules\\async-lock\\lib\\index.js:280:31)\n    at exec (C:\\Users\\ferch\\AppData\\Local\\Programs\\Appium Server GUI\\resources\\app\\node_modules\\appium\\node_modules\\async-lock\\lib\\index.js:145:9)\n    at AsyncLock.acquire (C:\\Users\\ferch\\AppData\\Local\\Programs\\Appium Server GUI\\resources\\app\\node_modules\\appium\\node_modules\\async-lock\\lib\\index.js:162:3)\n    at AndroidUiautomator2Driver.executeCommand (C:\\Users\\ferch\\AppData\\Local\\Programs\\Appium Server GUI\\resources\\app\\node_modules\\appium\\node_modules\\appium-base-driver\\lib\\basedriver\\driver.js:348:39)\n    at AppiumDriver.executeCommand (C:\\Users\\ferch\\AppData\\Local\\Programs\\Appium Server GUI\\resources\\app\\node_modules\\appium\\lib\\appium.js:563:36)\n    at runMicrotasks (&lt;anonymous&gt;)\n    at processTicksAndRejections (internal/process/task_queues.js:97:5)\n    at asyncHandler (C:\\Users\\ferch\\AppData\\Local\\Programs\\Appium Server GUI\\resources\\app\\node_modules\\appium\\node_modules\\appium-base-driver\\lib\\protocol\\protocol.js:297:21)"}}
Command duration or timeout: 20 milliseconds
Build info: version: '4.5.3', revision: '4b786a1e430'
System info: os.name: 'Windows 10', os.arch: 'amd64', os.version: '10.0', java.version: '11'
Driver info: io.appium.java_client.android.AndroidDriver
Command: [7d00bc16-6f87-468a-8c95-64427dac791e, executeScript {script=arguments[0].scrollIntoView(arguments[1]);, args=[{ELEMENT=00000000-0000-00c5-ffff-ffff00000103, element-6066-11e4-a52e-4f735466cecf=00000000-0000-00c5-ffff-ffff00000103}, null]}]
Capabilities {appium:app: C:\Users\ferch\OneDrive\Doc..., appium:appPackage: com.saucelabs.mydemoapp.rn, appium:automationName: uiautomator2, appium:databaseEnabled: false, appium:desired: {app: C:\Users\ferch\OneDrive\Doc..., automationName: uiautomator2, deviceName: AutomationTesting, hub: http://localhost:4723/wd/hub, newCommandTimeout: 1000, platformName: android, platformVersion: 11.0}, appium:deviceApiLevel: 30, appium:deviceManufacturer: Google, appium:deviceModel: sdk_gphone_x86, appium:deviceName: emulator-5554, appium:deviceScreenDensity: 420, appium:deviceScreenSize: 1080x1920, appium:deviceUDID: emulator-5554, appium:hub: http://localhost:4723/wd/hub, appium:javascriptEnabled: true, appium:locationContextEnabled: false, appium:networkConnectionEnabled: true, appium:newCommandTimeout: 1000, appium:pixelRatio: 2.625, appium:platformVersion: 11, appium:statBarHeight: 63, appium:takesScreenshot: true, appium:viewportRect: {height: 1731, left: 0, top: 63, width: 1080}, appium:warnings: {}, appium:webStorageEnabled: false, platformName: ANDROID}
Session ID: 7d00bc16-6f87-468a-8c95-64427dac791e&#13;
starter.task.SelectProducts.performAs(SelectProducts.java:13)&#13;
starter.stepdefinitions.AddProductSteps.theUserSelectsTheProductToAddItToTheCart(AddProductSteps.java:37)&#13;
io.cucumber.java.Invoker.doInvoke(Invoker.java:66)&#13;
io.cucumber.java.Invoker.invoke(Invoker.java:24)&#13;
io.cucumber.java.AbstractGlueDefinition.invokeMethod(AbstractGlueDefinition.java:47)&#13;
io.cucumber.java.JavaStepDefinition.execute(JavaStepDefinition.java:29)&#13;
io.cucumber.core.runner.CoreStepDefinition.execute(CoreStepDefinition.java:66)&#13;
io.cucumber.core.runner.PickleStepDefinitionMatch.runStep(PickleStepDefinitionMatch.java:63)&#13;
io.cucumber.core.runner.TestStep.executeStep(TestStep.java:85)&#13;
io.cucumber.core.runner.TestStep.run(TestStep.java:57)&#13;
io.cucumber.core.runner.PickleStepTestStep.run(PickleStepTestStep.java:51)&#13;
io.cucumber.core.runner.TestCase.run(TestCase.java:84)&#13;
io.cucumber.core.runner.Runner.runPickle(Runner.java:75)&#13;
io.cucumber.core.runtime.CucumberExecutionContext.lambda$runTestCase$5(CucumberExecutionContext.java:129)&#13;
io.cucumber.core.runtime.RethrowingThrowableCollector.executeAndThrow(RethrowingThrowableCollector.java:23)&#13;
io.cucumber.core.runtime.CucumberExecutionContext.runTestCase(CucumberExecutionContext.java:129)&#13;
io.cucumber.junit.FeatureRunner.runChild(FeatureRunner.java:144)&#13;
io.cucumber.junit.FeatureRunner.runChild(FeatureRunner.java:28)&#13;
io.cucumber.junit.FeatureRunner.run(FeatureRunner.java:137)&#13;
io.cucumber.junit.CucumberSerenityRunner.runChild(CucumberSerenityRunner.java:259)&#13;
io.cucumber.junit.CucumberSerenityRunner.runChild(CucumberSerenityRunner.java:59)&#13;
worker.org.gradle.process.internal.worker.GradleWorkerMain.run(GradleWorkerMain.java:69)&#13;
worker.org.gradle.process.internal.worker.GradleWorkerMain.main(GradleWorkerMain.java:74)&#13;
</system-err></testcase></testsuite>